This is pdfTeX, Version 3.14159265-2.6-1.40.21 (TeX Live 2020/W32TeX) (preloaded format=pdflatex 2020.5.31)  28 DEC 2021 09:54
entering extended mode
 restricted \write18 enabled.
 %&-line parsing enabled.
**Codebook_Appendix_A.tex
(./Codebook_Appendix_A.tex
LaTeX2e <2020-02-02> patch level 5
L3 programming layer <2020-05-15> (c:/Users/giuse/AppData/Roaming/TinyTeX/texmf
-dist/tex/latex/base/article.cls
Document Class: article 2019/12/20 v1.4l Standard LaTeX document class
(c:/Users/giuse/AppData/Roaming/TinyTeX/texmf-dist/tex/latex/base/size10.clo
File: size10.clo 2019/12/20 v1.4l Standard LaTeX file (size option)
)
\c@part=\count167
\c@section=\count168
\c@subsection=\count169
\c@subsubsection=\count170
\c@paragraph=\count171
\c@subparagraph=\count172
\c@figure=\count173
\c@table=\count174
\abovecaptionskip=\skip47
\belowcaptionskip=\skip48
\bibindent=\dimen134
)
(c:/Users/giuse/AppData/Roaming/TinyTeX/texmf-dist/tex/latex/amsmath/amsmath.st
y
Package: amsmath 2020/01/20 v2.17e AMS math features
\@mathmargin=\skip49
For additional information on amsmath, use the `?' option.

(c:/Users/giuse/AppData/Roaming/TinyTeX/texmf-dist/tex/latex/amsmath/amstext.st
y
Package: amstext 2000/06/29 v2.01 AMS text

(c:/Users/giuse/AppData/Roaming/TinyTeX/texmf-dist/tex/latex/amsmath/amsgen.sty
File: amsgen.sty 1999/11/30 v2.0 generic functions
\@emptytoks=\toks15
\ex@=\dimen135
))
(c:/Users/giuse/AppData/Roaming/TinyTeX/texmf-dist/tex/latex/amsmath/amsbsy.sty
Package: amsbsy 1999/11/29 v1.2d Bold Symbols
\pmbraise@=\dimen136
)
(c:/Users/giuse/AppData/Roaming/TinyTeX/texmf-dist/tex/latex/amsmath/amsopn.sty
Package: amsopn 2016/03/08 v2.02 operator names
)
\inf@bad=\count175
LaTeX Info: Redefining \frac on input line 227.
\uproot@=\count176
\leftroot@=\count177
LaTeX Info: Redefining \overline on input line 389.
\classnum@=\count178
\DOTSCASE@=\count179
LaTeX Info: Redefining \ldots on input line 486.
LaTeX Info: Redefining \dots on input line 489.
LaTeX Info: Redefining \cdots on input line 610.
\Mathstrutbox@=\box45
\strutbox@=\box46
\big@size=\dimen137
LaTeX Font Info:    Redeclaring font encoding OML on input line 733.
LaTeX Font Info:    Redeclaring font encoding OMS on input line 734.
\macc@depth=\count180
\c@MaxMatrixCols=\count181
\dotsspace@=\muskip16
\c@parentequation=\count182
\dspbrk@lvl=\count183
\tag@help=\toks16
\row@=\count184
\column@=\count185
\maxfields@=\count186
\andhelp@=\toks17
\eqnshift@=\dimen138
\alignsep@=\dimen139
\tagshift@=\dimen140
\tagwidth@=\dimen141
\totwidth@=\dimen142
\lineht@=\dimen143
\@envbody=\toks18
\multlinegap=\skip50
\multlinetaggap=\skip51
\mathdisplay@stack=\toks19
LaTeX Info: Redefining \[ on input line 2859.
LaTeX Info: Redefining \] on input line 2860.
)
(c:/Users/giuse/AppData/Roaming/TinyTeX/texmf-dist/tex/latex/amsfonts/amssymb.s
ty
Package: amssymb 2013/01/14 v3.01 AMS font symbols

(c:/Users/giuse/AppData/Roaming/TinyTeX/texmf-dist/tex/latex/amsfonts/amsfonts.
sty
Package: amsfonts 2013/01/14 v3.01 Basic AMSFonts support
\symAMSa=\mathgroup4
\symAMSb=\mathgroup5
LaTeX Font Info:    Redeclaring math symbol \hbar on input line 98.
LaTeX Font Info:    Overwriting math alphabet `\mathfrak' in version `bold'
(Font)                  U/euf/m/n --> U/euf/b/n on input line 106.
)) (c:/Users/giuse/AppData/Roaming/TinyTeX/texmf-dist/tex/latex/lm/lmodern.sty
Package: lmodern 2009/10/30 v1.6 Latin Modern Fonts
LaTeX Font Info:    Overwriting symbol font `operators' in version `normal'
(Font)                  OT1/cmr/m/n --> OT1/lmr/m/n on input line 22.
LaTeX Font Info:    Overwriting symbol font `letters' in version `normal'
(Font)                  OML/cmm/m/it --> OML/lmm/m/it on input line 23.
LaTeX Font Info:    Overwriting symbol font `symbols' in version `normal'
(Font)                  OMS/cmsy/m/n --> OMS/lmsy/m/n on input line 24.
LaTeX Font Info:    Overwriting symbol font `largesymbols' in version `normal'
(Font)                  OMX/cmex/m/n --> OMX/lmex/m/n on input line 25.
LaTeX Font Info:    Overwriting symbol font `operators' in version `bold'
(Font)                  OT1/cmr/bx/n --> OT1/lmr/bx/n on input line 26.
LaTeX Font Info:    Overwriting symbol font `letters' in version `bold'
(Font)                  OML/cmm/b/it --> OML/lmm/b/it on input line 27.
LaTeX Font Info:    Overwriting symbol font `symbols' in version `bold'
(Font)                  OMS/cmsy/b/n --> OMS/lmsy/b/n on input line 28.
LaTeX Font Info:    Overwriting symbol font `largesymbols' in version `bold'
(Font)                  OMX/cmex/m/n --> OMX/lmex/m/n on input line 29.
LaTeX Font Info:    Overwriting math alphabet `\mathbf' in version `normal'
(Font)                  OT1/cmr/bx/n --> OT1/lmr/bx/n on input line 31.
LaTeX Font Info:    Overwriting math alphabet `\mathsf' in version `normal'
(Font)                  OT1/cmss/m/n --> OT1/lmss/m/n on input line 32.
LaTeX Font Info:    Overwriting math alphabet `\mathit' in version `normal'
(Font)                  OT1/cmr/m/it --> OT1/lmr/m/it on input line 33.
LaTeX Font Info:    Overwriting math alphabet `\mathtt' in version `normal'
(Font)                  OT1/cmtt/m/n --> OT1/lmtt/m/n on input line 34.
LaTeX Font Info:    Overwriting math alphabet `\mathbf' in version `bold'
(Font)                  OT1/cmr/bx/n --> OT1/lmr/bx/n on input line 35.
LaTeX Font Info:    Overwriting math alphabet `\mathsf' in version `bold'
(Font)                  OT1/cmss/bx/n --> OT1/lmss/bx/n on input line 36.
LaTeX Font Info:    Overwriting math alphabet `\mathit' in version `bold'
(Font)                  OT1/cmr/bx/it --> OT1/lmr/bx/it on input line 37.
LaTeX Font Info:    Overwriting math alphabet `\mathtt' in version `bold'
(Font)                  OT1/cmtt/m/n --> OT1/lmtt/m/n on input line 38.
)
(c:/Users/giuse/AppData/Roaming/TinyTeX/texmf-dist/tex/generic/iftex/ifxetex.st
y
Package: ifxetex 2019/10/25 v0.7 ifxetex legacy package. Use iftex instead.
(c:/Users/giuse/AppData/Roaming/TinyTeX/texmf-dist/tex/generic/iftex/iftex.sty
Package: iftex 2020/03/06 v1.0d TeX engine tests
))
(c:/Users/giuse/AppData/Roaming/TinyTeX/texmf-dist/tex/generic/iftex/ifluatex.s
ty
Package: ifluatex 2019/10/25 v1.5 ifluatex legacy package. Use iftex instead.
) (c:/Users/giuse/AppData/Roaming/TinyTeX/texmf-dist/tex/latex/base/fontenc.sty
Package: fontenc 2020/02/11 v2.0o Standard LaTeX package
LaTeX Font Info:    Trying to load font information for T1+lmr on input line 11
2.
(c:/Users/giuse/AppData/Roaming/TinyTeX/texmf-dist/tex/latex/lm/t1lmr.fd
File: t1lmr.fd 2009/10/30 v1.6 Font defs for Latin Modern
)) (c:/Users/giuse/AppData/Roaming/TinyTeX/texmf-dist/tex/latex/base/inputenc.s
ty
Package: inputenc 2018/08/11 v1.3c Input encoding file
\inpenc@prehook=\toks20
\inpenc@posthook=\toks21
) (c:/Users/giuse/AppData/Roaming/TinyTeX/texmf-dist/tex/latex/base/textcomp.st
y
Package: textcomp 2020/02/02 v2.0n Standard LaTeX package
) (c:/Users/giuse/AppData/Roaming/TinyTeX/texmf-dist/tex/latex/xcolor/xcolor.st
y
Package: xcolor 2016/05/11 v2.12 LaTeX color extensions (UK)

(c:/Users/giuse/AppData/Roaming/TinyTeX/texmf-dist/tex/latex/graphics-cfg/color
.cfg
File: color.cfg 2016/01/02 v1.6 sample color configuration
)
Package xcolor Info: Driver file: pdftex.def on input line 225.

(c:/Users/giuse/AppData/Roaming/TinyTeX/texmf-dist/tex/latex/graphics-def/pdfte
x.def
File: pdftex.def 2018/01/08 v1.0l Graphics/color driver for pdftex
)
Package xcolor Info: Model `cmy' substituted by `cmy0' on input line 1348.
Package xcolor Info: Model `hsb' substituted by `rgb' on input line 1352.
Package xcolor Info: Model `RGB' extended on input line 1364.
Package xcolor Info: Model `HTML' substituted by `rgb' on input line 1366.
Package xcolor Info: Model `Hsb' substituted by `hsb' on input line 1367.
Package xcolor Info: Model `tHsb' substituted by `hsb' on input line 1368.
Package xcolor Info: Model `HSB' substituted by `hsb' on input line 1369.
Package xcolor Info: Model `Gray' substituted by `gray' on input line 1370.
Package xcolor Info: Model `wave' substituted by `hsb' on input line 1371.

(c:/Users/giuse/AppData/Roaming/TinyTeX/texmf-dist/tex/latex/graphics/dvipsnam.
def
File: dvipsnam.def 2016/06/17 v3.0m Driver-dependent file (DPC,SPQR)
) (c:/Users/giuse/AppData/Roaming/TinyTeX/texmf-dist/tex/latex/xcolor/svgnam.de
f
File: svgnam.def 2016/05/11 v2.12 Predefined colors according to SVG 1.1 (UK)
) (c:/Users/giuse/AppData/Roaming/TinyTeX/texmf-dist/tex/latex/xcolor/x11nam.de
f
File: x11nam.def 2016/05/11 v2.12 Predefined colors according to Unix/X11 (UK)
))
(c:/Users/giuse/AppData/Roaming/TinyTeX/texmf-dist/tex/latex/hyperref/hyperref.
sty
Package: hyperref 2020-05-15 v7.00e Hypertext links for LaTeX

(c:/Users/giuse/AppData/Roaming/TinyTeX/texmf-dist/tex/generic/ltxcmds/ltxcmds.
sty
Package: ltxcmds 2019/12/15 v1.24 LaTeX kernel commands for general use (HO)
)
(c:/Users/giuse/AppData/Roaming/TinyTeX/texmf-dist/tex/latex/pdftexcmds/pdftexc
mds.sty
Package: pdftexcmds 2020-06-04 v0.32 Utility functions of pdfTeX for LuaTeX (HO
)

(c:/Users/giuse/AppData/Roaming/TinyTeX/texmf-dist/tex/generic/infwarerr/infwar
err.sty
Package: infwarerr 2019/12/03 v1.5 Providing info/warning/error messages (HO)
)
Package pdftexcmds Info: \pdf@primitive is available.
Package pdftexcmds Info: \pdf@ifprimitive is available.
Package pdftexcmds Info: \pdfdraftmode found.
)
(c:/Users/giuse/AppData/Roaming/TinyTeX/texmf-dist/tex/latex/graphics/keyval.st
y
Package: keyval 2014/10/28 v1.15 key=value parser (DPC)
\KV@toks@=\toks22
)
(c:/Users/giuse/AppData/Roaming/TinyTeX/texmf-dist/tex/generic/kvsetkeys/kvsetk
eys.sty
Package: kvsetkeys 2019/12/15 v1.18 Key value parser (HO)
)
(c:/Users/giuse/AppData/Roaming/TinyTeX/texmf-dist/tex/generic/kvdefinekeys/kvd
efinekeys.sty
Package: kvdefinekeys 2019-12-19 v1.6 Define keys (HO)
)
(c:/Users/giuse/AppData/Roaming/TinyTeX/texmf-dist/tex/generic/pdfescape/pdfesc
ape.sty
Package: pdfescape 2019/12/09 v1.15 Implements pdfTeX's escape features (HO)
)
(c:/Users/giuse/AppData/Roaming/TinyTeX/texmf-dist/tex/latex/hycolor/hycolor.st
y
Package: hycolor 2020-01-27 v1.10 Color options for hyperref/bookmark (HO)
)
(c:/Users/giuse/AppData/Roaming/TinyTeX/texmf-dist/tex/latex/letltxmacro/letltx
macro.sty
Package: letltxmacro 2019/12/03 v1.6 Let assignment for LaTeX macros (HO)
)
(c:/Users/giuse/AppData/Roaming/TinyTeX/texmf-dist/tex/latex/auxhook/auxhook.st
y
Package: auxhook 2019-12-17 v1.6 Hooks for auxiliary files (HO)
)
(c:/Users/giuse/AppData/Roaming/TinyTeX/texmf-dist/tex/latex/kvoptions/kvoption
s.sty
Package: kvoptions 2019/11/29 v3.13 Key value format for package options (HO)
)
\@linkdim=\dimen144
\Hy@linkcounter=\count187
\Hy@pagecounter=\count188

(c:/Users/giuse/AppData/Roaming/TinyTeX/texmf-dist/tex/latex/hyperref/pd1enc.de
f
File: pd1enc.def 2020-05-15 v7.00e Hyperref: PDFDocEncoding definition (HO)
Now handling font encoding PD1 ...
... no UTF-8 mapping file for font encoding PD1
)
(c:/Users/giuse/AppData/Roaming/TinyTeX/texmf-dist/tex/generic/intcalc/intcalc.
sty
Package: intcalc 2019/12/15 v1.3 Expandable calculations with integers (HO)
)
(c:/Users/giuse/AppData/Roaming/TinyTeX/texmf-dist/tex/generic/etexcmds/etexcmd
s.sty
Package: etexcmds 2019/12/15 v1.7 Avoid name clashes with e-TeX commands (HO)
)
\Hy@SavedSpaceFactor=\count189
Package hyperref Info: Option `unicode' set `true' on input line 4338.

(c:/Users/giuse/AppData/Roaming/TinyTeX/texmf-dist/tex/latex/hyperref/puenc.def
File: puenc.def 2020-05-15 v7.00e Hyperref: PDF Unicode definition (HO)
Now handling font encoding PU ...
... no UTF-8 mapping file for font encoding PU
)
Package hyperref Info: Hyper figures OFF on input line 4464.
Package hyperref Info: Link nesting OFF on input line 4469.
Package hyperref Info: Hyper index ON on input line 4472.
Package hyperref Info: Plain pages OFF on input line 4479.
Package hyperref Info: Backreferencing OFF on input line 4484.
Package hyperref Info: Implicit mode ON; LaTeX internals redefined.
Package hyperref Info: Bookmarks ON on input line 4717.
\c@Hy@tempcnt=\count190
(c:/Users/giuse/AppData/Roaming/TinyTeX/texmf-dist/tex/latex/url/url.sty
\Urlmuskip=\muskip17
Package: url 2013/09/16  ver 3.4  Verb mode for urls, etc.
)
LaTeX Info: Redefining \url on input line 5076.
\XeTeXLinkMargin=\dimen145

(c:/Users/giuse/AppData/Roaming/TinyTeX/texmf-dist/tex/generic/bitset/bitset.st
y
Package: bitset 2019/12/09 v1.3 Handle bit-vector datatype (HO)

(c:/Users/giuse/AppData/Roaming/TinyTeX/texmf-dist/tex/generic/bigintcalc/bigin
tcalc.sty
Package: bigintcalc 2019/12/15 v1.5 Expandable calculations on big integers (HO
)
))
\Fld@menulength=\count191
\Field@Width=\dimen146
\Fld@charsize=\dimen147
Package hyperref Info: Hyper figures OFF on input line 6347.
Package hyperref Info: Link nesting OFF on input line 6352.
Package hyperref Info: Hyper index ON on input line 6355.
Package hyperref Info: backreferencing OFF on input line 6362.
Package hyperref Info: Link coloring OFF on input line 6367.
Package hyperref Info: Link coloring with OCG OFF on input line 6372.
Package hyperref Info: PDF/A mode OFF on input line 6377.
LaTeX Info: Redefining \ref on input line 6417.
LaTeX Info: Redefining \pageref on input line 6421.

(c:/Users/giuse/AppData/Roaming/TinyTeX/texmf-dist/tex/generic/atbegshi/atbegsh
i.sty
Package: atbegshi 2019/12/05 v1.19 At begin shipout hook (HO)
)
\Hy@abspage=\count192
\c@Item=\count193
\c@Hfootnote=\count194
)
Package hyperref Info: Driver (autodetected): hpdftex.

(c:/Users/giuse/AppData/Roaming/TinyTeX/texmf-dist/tex/latex/hyperref/hpdftex.d
ef
File: hpdftex.def 2020-05-15 v7.00e Hyperref driver for pdfTeX

(c:/Users/giuse/AppData/Roaming/TinyTeX/texmf-dist/tex/latex/atveryend/atveryen
d.sty
Package: atveryend 2019-12-11 v1.11 Hooks at the very end of document (HO)
Package atveryend Info: \enddocument detected (standard20110627).
)
\Fld@listcount=\count195
\c@bookmark@seq@number=\count196

(c:/Users/giuse/AppData/Roaming/TinyTeX/texmf-dist/tex/latex/rerunfilecheck/rer
unfilecheck.sty
Package: rerunfilecheck 2019/12/05 v1.9 Rerun checks for auxiliary files (HO)

(c:/Users/giuse/AppData/Roaming/TinyTeX/texmf-dist/tex/generic/uniquecounter/un
iquecounter.sty
Package: uniquecounter 2019/12/15 v1.4 Provide unlimited unique counter (HO)
)
Package uniquecounter Info: New unique counter `rerunfilecheck' on input line 2
86.
)
\Hy@SectionHShift=\skip52
)
Package hyperref Info: Option `colorlinks' set `true' on input line 47.

(c:/Users/giuse/AppData/Roaming/TinyTeX/texmf-dist/tex/latex/geometry/geometry.
sty
Package: geometry 2020/01/02 v5.9 Page Geometry

(c:/Users/giuse/AppData/Roaming/TinyTeX/texmf-dist/tex/generic/iftex/ifvtex.sty
Package: ifvtex 2019/10/25 v1.7 ifvtex legacy package. Use iftex instead.
)
\Gm@cnth=\count197
\Gm@cntv=\count198
\c@Gm@tempcnt=\count199
\Gm@bindingoffset=\dimen148
\Gm@wd@mp=\dimen149
\Gm@odd@mp=\dimen150
\Gm@even@mp=\dimen151
\Gm@layoutwidth=\dimen152
\Gm@layoutheight=\dimen153
\Gm@layouthoffset=\dimen154
\Gm@layoutvoffset=\dimen155
\Gm@dimlist=\toks23
)
(c:/Users/giuse/AppData/Roaming/TinyTeX/texmf-dist/tex/latex/tools/longtable.st
y
Package: longtable 2020/01/07 v4.13 Multi-page Table package (DPC)
\LTleft=\skip53
\LTright=\skip54
\LTpre=\skip55
\LTpost=\skip56
\LTchunksize=\count266
\LTcapwidth=\dimen156
\LT@head=\box47
\LT@firsthead=\box48
\LT@foot=\box49
\LT@lastfoot=\box50
\LT@cols=\count267
\LT@rows=\count268
\c@LT@tables=\count269
\c@LT@chunks=\count270
\LT@p@ftn=\toks24
)
(c:/Users/giuse/AppData/Roaming/TinyTeX/texmf-dist/tex/latex/booktabs/booktabs.
sty
Package: booktabs 2020/01/12 v1.61803398 Publication quality tables
\heavyrulewidth=\dimen157
\lightrulewidth=\dimen158
\cmidrulewidth=\dimen159
\belowrulesep=\dimen160
\belowbottomsep=\dimen161
\aboverulesep=\dimen162
\abovetopsep=\dimen163
\cmidrulesep=\dimen164
\cmidrulekern=\dimen165
\defaultaddspace=\dimen166
\@cmidla=\count271
\@cmidlb=\count272
\@aboverulesep=\dimen167
\@belowrulesep=\dimen168
\@thisruleclass=\count273
\@lastruleclass=\count274
\@thisrulewidth=\dimen169
) (c:/Users/giuse/AppData/Roaming/TinyTeX/texmf-dist/tex/latex/tools/array.sty
Package: array 2019/08/31 v2.4l Tabular extension package (FMi)
\col@sep=\dimen170
\ar@mcellbox=\box51
\extrarowheight=\dimen171
\NC@list=\toks25
\extratabsurround=\skip57
\backup@length=\skip58
\ar@cellbox=\box52
) (c:/Users/giuse/AppData/Roaming/TinyTeX/texmf-dist/tex/latex/tools/calc.sty
Package: calc 2017/05/25 v4.3 Infix arithmetic (KKT,FJ)
\calc@Acount=\count275
\calc@Bcount=\count276
\calc@Adimen=\dimen172
\calc@Bdimen=\dimen173
\calc@Askip=\skip59
\calc@Bskip=\skip60
LaTeX Info: Redefining \setlength on input line 80.
LaTeX Info: Redefining \addtolength on input line 81.
\calc@Ccount=\count277
\calc@Cskip=\skip61
)
(c:/Users/giuse/AppData/Roaming/TinyTeX/texmf-dist/tex/latex/etoolbox/etoolbox.
sty
Package: etoolbox 2019/09/21 v2.5h e-TeX tools for LaTeX (JAW)
\etb@tempcnta=\count278
)
(c:/Users/giuse/AppData/Roaming/TinyTeX/texmf-dist/tex/latex/mdwtools/footnote.
sty
Package: footnote 1997/01/28 1.13 Save footnotes around boxes
\fn@notes=\box53
\fn@width=\dimen174
)
(c:/Users/giuse/AppData/Roaming/TinyTeX/texmf-dist/tex/latex/graphics/graphicx.
sty
Package: graphicx 2019/11/30 v1.2a Enhanced LaTeX Graphics (DPC,SPQR)

(c:/Users/giuse/AppData/Roaming/TinyTeX/texmf-dist/tex/latex/graphics/graphics.
sty
Package: graphics 2019/11/30 v1.4a Standard LaTeX Graphics (DPC,SPQR)
(c:/Users/giuse/AppData/Roaming/TinyTeX/texmf-dist/tex/latex/graphics/trig.sty
Package: trig 2016/01/03 v1.10 sin cos tan (DPC)
)
(c:/Users/giuse/AppData/Roaming/TinyTeX/texmf-dist/tex/latex/graphics-cfg/graph
ics.cfg
File: graphics.cfg 2016/06/04 v1.11 sample graphics configuration
)
Package graphics Info: Driver file: pdftex.def on input line 105.
)
\Gin@req@height=\dimen175
\Gin@req@width=\dimen176
)
(c:/Users/giuse/AppData/Roaming/TinyTeX/texmf-dist/tex/latex/graphics/lscape.st
y
Package: lscape 2000/10/22 v3.01 Landscape Pages (DPC)
) (c:/Users/giuse/AppData/Roaming/TinyTeX/texmf-dist/tex/latex/float/float.sty
Package: float 2001/11/08 v1.3d Float enhancements (AL)
\c@float@type=\count279
\float@exts=\toks26
\float@box=\box54
\@float@everytoks=\toks27
\@floatcapt=\box55
)
(c:/Users/giuse/AppData/Roaming/TinyTeX/texmf-dist/tex/latex/tools/afterpage.st
y
Package: afterpage 2014/10/28 v1.08 After-Page Package (DPC)
\AP@output=\toks28
\AP@partial=\box56
\AP@footins=\box57
)
(c:/Users/giuse/AppData/Roaming/TinyTeX/texmf-dist/tex/latex/setspace/setspace.
sty
Package: setspace 2011/12/19 v6.7a set line spacing
)
(c:/Users/giuse/AppData/Roaming/TinyTeX/texmf-dist/tex/latex/multirow/multirow.
sty
Package: multirow 2019/05/31 v2.5 Span multiple rows of a table
\multirow@colwidth=\skip62
\multirow@cntb=\count280
\multirow@dima=\skip63
\bigstrutjot=\dimen177
)
(c:/Users/giuse/AppData/Roaming/TinyTeX/texmf-dist/tex/latex/wrapfig/wrapfig.st
y
\wrapoverhang=\dimen178
\WF@size=\dimen179
\c@WF@wrappedlines=\count281
\WF@box=\box58
\WF@everypar=\toks29
Package: wrapfig 2003/01/31  v 3.6
)
(c:/Users/giuse/AppData/Roaming/TinyTeX/texmf-dist/tex/latex/colortbl/colortbl.
sty
Package: colortbl 2020/01/04 v1.0e Color table columns (DPC)
\everycr=\toks30
\minrowclearance=\skip64
)
(c:/Users/giuse/AppData/Roaming/TinyTeX/texmf-dist/tex/latex/pdflscape/pdflscap
e.sty
Package: pdflscape 2019/12/05 v0.12 Display of landscape pages in PDF (HO)
Package pdflscape Info: Auto-detected driver: pdftex on input line 81.
) (c:/Users/giuse/AppData/Roaming/TinyTeX/texmf-dist/tex/latex/tabu/tabu.sty
Package: tabu 2019/01/11 v2.9 - flexible LaTeX tabulars (FC+tabu-fixed)

(c:/Users/giuse/AppData/Roaming/TinyTeX/texmf-dist/tex/latex/varwidth/varwidth.
sty
Package: varwidth 2009/03/30 ver 0.92;  Variable-width minipages
\@vwid@box=\box59
\sift@deathcycles=\count282
\@vwid@loff=\dimen180
\@vwid@roff=\dimen181
)
\c@taburow=\count283
\tabu@nbcols=\count284
\tabu@cnt=\count285
\tabu@Xcol=\count286
\tabu@alloc=\count287
\tabu@nested=\count288
\tabu@target=\dimen182
\tabu@spreadtarget=\dimen183
\tabu@naturalX=\dimen184
\tabucolX=\dimen185
\tabu@Xsum=\dimen186
\extrarowdepth=\dimen187
\abovetabulinesep=\dimen188
\belowtabulinesep=\dimen189
\tabustrutrule=\dimen190
\tabu@thebody=\toks31
\tabu@footnotes=\toks32
\tabu@box=\box60
\tabu@arstrutbox=\box61
\tabu@hleads=\box62
\tabu@vleads=\box63
\tabu@cellskip=\skip65
)
(c:/Users/giuse/AppData/Roaming/TinyTeX/texmf-dist/tex/latex/threeparttable/thr
eeparttable.sty
Package: threeparttable 2003/06/13  v 3.0
\@tempboxb=\box64
)
(c:/Users/giuse/AppData/Roaming/TinyTeX/texmf-dist/tex/latex/threeparttablex/th
reeparttablex.sty
Package: threeparttablex 2013/07/23 v0.3 by daleif

(c:/Users/giuse/AppData/Roaming/TinyTeX/texmf-dist/tex/latex/environ/environ.st
y
Package: environ 2014/05/04 v0.3 A new way to define environments

(c:/Users/giuse/AppData/Roaming/TinyTeX/texmf-dist/tex/latex/trimspaces/trimspa
ces.sty
Package: trimspaces 2009/09/17 v1.1 Trim spaces around a token list
))
\TPTL@width=\skip66
) (c:/Users/giuse/AppData/Roaming/TinyTeX/texmf-dist/tex/generic/ulem/ulem.sty
\UL@box=\box65
\UL@hyphenbox=\box66
\UL@skip=\skip67
\UL@hook=\toks33
\UL@height=\dimen191
\UL@pe=\count289
\UL@pixel=\dimen192
\ULC@box=\box67
Package: ulem 2019/11/18
\ULdepth=\dimen193
)
(c:/Users/giuse/AppData/Roaming/TinyTeX/texmf-dist/tex/latex/makecell/makecell.
sty
Package: makecell 2009/08/03 V0.1e Managing of Tab Column Heads and Cells
\rotheadsize=\dimen194
\c@nlinenum=\count290
\TeXr@lab=\toks34
)
(c:/Users/giuse/AppData/Roaming/TinyTeX/texmf-dist/tex/latex/l3backend/l3backen
d-pdfmode.def
File: l3backend-pdfmode.def 2020-06-03 L3 backend support: PDF mode
\l__kernel_color_stack_int=\count291
\l__pdf_internal_box=\box68
) (./Codebook_Appendix_A.aux

LaTeX Warning: Label `tab:unnamed-chunk-7' multiply defined.


LaTeX Warning: Label `tab:unnamed-chunk-14' multiply defined.


LaTeX Warning: Label `tab:unnamed-chunk-14' multiply defined.


LaTeX Warning: Label `tab:unnamed-chunk-19' multiply defined.


LaTeX Warning: Label `tab:unnamed-chunk-21' multiply defined.


LaTeX Warning: Label `tab:unnamed-chunk-21' multiply defined.


LaTeX Warning: Label `tab:unnamed-chunk-21' multiply defined.


LaTeX Warning: Label `tab:unnamed-chunk-21' multiply defined.


LaTeX Warning: Label `tab:unnamed-chunk-21' multiply defined.


LaTeX Warning: Label `tab:unnamed-chunk-21' multiply defined.


LaTeX Warning: Label `table:logit_aic_cy' multiply defined.


LaTeX Warning: Label `tab:unnamed-chunk-28' multiply defined.


LaTeX Warning: Label `tab:unnamed-chunk-28' multiply defined.


LaTeX Warning: Label `tab:unnamed-chunk-28' multiply defined.


LaTeX Warning: Label `tab:unnamed-chunk-28' multiply defined.


LaTeX Warning: Label `tab:unnamed-chunk-28' multiply defined.


LaTeX Warning: Label `tab:unnamed-chunk-43' multiply defined.


LaTeX Warning: Label `tab:unnamed-chunk-43' multiply defined.


LaTeX Warning: Label `tab:unnamed-chunk-43' multiply defined.


LaTeX Warning: Label `tab:unnamed-chunk-43' multiply defined.


LaTeX Warning: Label `tab:unnamed-chunk-66' multiply defined.


LaTeX Warning: Label `tab:unnamed-chunk-83' multiply defined.


LaTeX Warning: Label `tab:unnamed-chunk-83' multiply defined.


LaTeX Warning: Label `tab:unnamed-chunk-83' multiply defined.


LaTeX Warning: Label `tab:unnamed-chunk-83' multiply defined.


LaTeX Warning: Label `tab:unnamed-chunk-85' multiply defined.


LaTeX Warning: Label `tab:unnamed-chunk-85' multiply defined.


LaTeX Warning: Label `tab:unnamed-chunk-85' multiply defined.


LaTeX Warning: Label `tab:unnamed-chunk-85' multiply defined.


LaTeX Warning: Label `tab:unnamed-chunk-85' multiply defined.


LaTeX Warning: Label `tab:unnamed-chunk-94' multiply defined.


LaTeX Warning: Label `tab:unnamed-chunk-94' multiply defined.


LaTeX Warning: Label `tab:unnamed-chunk-94' multiply defined.


LaTeX Warning: Label `tab:unnamed-chunk-94' multiply defined.


LaTeX Warning: Label `tab:unnamed-chunk-104' multiply defined.


LaTeX Warning: Label `tab:unnamed-chunk-104' multiply defined.


LaTeX Warning: Label `tab:unnamed-chunk-106' multiply defined.


LaTeX Warning: Label `tab:unnamed-chunk-106' multiply defined.


LaTeX Warning: Label `tab:unnamed-chunk-106' multiply defined.


LaTeX Warning: Label `tab:unnamed-chunk-106' multiply defined.


LaTeX Warning: Label `tab:unnamed-chunk-106' multiply defined.


LaTeX Warning: Label `tab:unnamed-chunk-106' multiply defined.


LaTeX Warning: Label `tab:unnamed-chunk-106' multiply defined.


LaTeX Warning: Label `tab:unnamed-chunk-106' multiply defined.


LaTeX Warning: Label `tab:unnamed-chunk-106' multiply defined.


LaTeX Warning: Label `tab:unnamed-chunk-106' multiply defined.


LaTeX Warning: Label `tab:unnamed-chunk-106' multiply defined.


LaTeX Warning: Label `tab:unnamed-chunk-120' multiply defined.


LaTeX Warning: Label `tab:unnamed-chunk-120' multiply defined.


LaTeX Warning: Label `tab:unnamed-chunk-127' multiply defined.


LaTeX Warning: Label `tab:unnamed-chunk-127' multiply defined.


LaTeX Warning: Label `tab:unnamed-chunk-132' multiply defined.


LaTeX Warning: Label `tab:unnamed-chunk-134' multiply defined.


LaTeX Warning: Label `tab:unnamed-chunk-139' multiply defined.


LaTeX Warning: Label `tab:unnamed-chunk-139' multiply defined.


LaTeX Warning: Label `tab:unnamed-chunk-141' multiply defined.


LaTeX Warning: Label `tab:unnamed-chunk-141' multiply defined.

)
\openout1 = `Codebook_Appendix_A.aux'.

LaTeX Font Info:    Checking defaults for OML/cmm/m/it on input line 136.
LaTeX Font Info:    ... okay on input line 136.
LaTeX Font Info:    Checking defaults for OMS/cmsy/m/n on input line 136.
LaTeX Font Info:    ... okay on input line 136.
LaTeX Font Info:    Checking defaults for OT1/cmr/m/n on input line 136.
LaTeX Font Info:    ... okay on input line 136.
LaTeX Font Info:    Checking defaults for T1/cmr/m/n on input line 136.
LaTeX Font Info:    ... okay on input line 136.
LaTeX Font Info:    Checking defaults for TS1/cmr/m/n on input line 136.
LaTeX Font Info:    ... okay on input line 136.
LaTeX Font Info:    Checking defaults for OMX/cmex/m/n on input line 136.
LaTeX Font Info:    ... okay on input line 136.
LaTeX Font Info:    Checking defaults for U/cmr/m/n on input line 136.
LaTeX Font Info:    ... okay on input line 136.
LaTeX Font Info:    Checking defaults for PD1/pdf/m/n on input line 136.
LaTeX Font Info:    ... okay on input line 136.
LaTeX Font Info:    Checking defaults for PU/pdf/m/n on input line 136.
LaTeX Font Info:    ... okay on input line 136.

(c:/Users/giuse/AppData/Roaming/TinyTeX/texmf-dist/tex/latex/epstopdf-pkg/epsto
pdf-base.sty
Package: epstopdf-base 2020-01-24 v2.11 Base part for package epstopdf
Package epstopdf-base Info: Redefining graphics rule for `.eps' on input line 4
85.

(c:/Users/giuse/AppData/Roaming/TinyTeX/texmf-dist/tex/latex/latexconfig/epstop
df-sys.cfg
File: epstopdf-sys.cfg 2010/07/13 v1.3 Configuration of (r)epstopdf for TeX Liv
e
))
\AtBeginShipoutBox=\box69
Package hyperref Info: Link coloring ON on input line 136.

(c:/Users/giuse/AppData/Roaming/TinyTeX/texmf-dist/tex/latex/hyperref/nameref.s
ty
Package: nameref 2019/09/16 v2.46 Cross-referencing by name of section

(c:/Users/giuse/AppData/Roaming/TinyTeX/texmf-dist/tex/latex/refcount/refcount.
sty
Package: refcount 2019/12/15 v3.6 Data extraction from label references (HO)
)
(c:/Users/giuse/AppData/Roaming/TinyTeX/texmf-dist/tex/generic/gettitlestring/g
ettitlestring.sty
Package: gettitlestring 2019/12/15 v1.6 Cleanup title references (HO)
)
\c@section@level=\count292
)
LaTeX Info: Redefining \ref on input line 136.
LaTeX Info: Redefining \pageref on input line 136.
LaTeX Info: Redefining \nameref on input line 136.
(./Codebook_Appendix_A.out) (./Codebook_Appendix_A.out)
\@outlinefile=\write3
\openout3 = `Codebook_Appendix_A.out'.

*geometry* driver: auto-detecting
*geometry* detected driver: pdftex
*geometry* verbose mode - [ preamble ] result:
* driver: pdftex
* paper: <default>
* layout: <same size as paper>
* layoutoffset:(h,v)=(0.0pt,0.0pt)
* modes: 
* h-part:(L,W,R)=(72.26999pt, 469.75502pt, 72.26999pt)
* v-part:(T,H,B)=(72.26999pt, 650.43001pt, 72.26999pt)
* \paperwidth=614.295pt
* \paperheight=794.96999pt
* \textwidth=469.75502pt
* \textheight=650.43001pt
* \oddsidemargin=0.0pt
* \evensidemargin=0.0pt
* \topmargin=-37.0pt
* \headheight=12.0pt
* \headsep=25.0pt
* \topskip=10.0pt
* \footskip=30.0pt
* \marginparwidth=65.0pt
* \marginparsep=11.0pt
* \columnsep=10.0pt
* \skip\footins=9.0pt plus 4.0pt minus 2.0pt
* \hoffset=0.0pt
* \voffset=0.0pt
* \mag=1000
* \@twocolumnfalse
* \@twosidefalse
* \@mparswitchfalse
* \@reversemarginfalse
* (1in=72.27pt=25.4mm, 1cm=28.453pt)

LaTeX Font Info:    Trying to load font information for OT1+lmr on input line 1
38.
(c:/Users/giuse/AppData/Roaming/TinyTeX/texmf-dist/tex/latex/lm/ot1lmr.fd
File: ot1lmr.fd 2009/10/30 v1.6 Font defs for Latin Modern
)
LaTeX Font Info:    Trying to load font information for OML+lmm on input line 1
38.
(c:/Users/giuse/AppData/Roaming/TinyTeX/texmf-dist/tex/latex/lm/omllmm.fd
File: omllmm.fd 2009/10/30 v1.6 Font defs for Latin Modern
)
LaTeX Font Info:    Trying to load font information for OMS+lmsy on input line 
138.
(c:/Users/giuse/AppData/Roaming/TinyTeX/texmf-dist/tex/latex/lm/omslmsy.fd
File: omslmsy.fd 2009/10/30 v1.6 Font defs for Latin Modern
)
LaTeX Font Info:    Trying to load font information for OMX+lmex on input line 
138.
(c:/Users/giuse/AppData/Roaming/TinyTeX/texmf-dist/tex/latex/lm/omxlmex.fd
File: omxlmex.fd 2009/10/30 v1.6 Font defs for Latin Modern
)
LaTeX Font Info:    External font `lmex10' loaded for size
(Font)              <12> on input line 138.
LaTeX Font Info:    External font `lmex10' loaded for size
(Font)              <8> on input line 138.
LaTeX Font Info:    External font `lmex10' loaded for size
(Font)              <6> on input line 138.
LaTeX Font Info:    Trying to load font information for U+msa on input line 138
.
(c:/Users/giuse/AppData/Roaming/TinyTeX/texmf-dist/tex/latex/amsfonts/umsa.fd
File: umsa.fd 2013/01/14 v3.01 AMS symbols A
)
LaTeX Font Info:    Trying to load font information for U+msb on input line 138
.
(c:/Users/giuse/AppData/Roaming/TinyTeX/texmf-dist/tex/latex/amsfonts/umsb.fd
File: umsb.fd 2013/01/14 v3.01 AMS symbols B
) [1

{c:/Users/giuse/AppData/Roaming/TinyTeX/texmf-var/fonts/map/pdftex/updmap/pdfte
x.map}]
LaTeX Font Info:    External font `lmex10' loaded for size
(Font)              <10> on input line 152.
LaTeX Font Info:    External font `lmex10' loaded for size
(Font)              <7> on input line 152.
LaTeX Font Info:    External font `lmex10' loaded for size
(Font)              <5> on input line 152.
LaTeX Font Info:    Trying to load font information for TS1+lmr on input line 2
06.
(c:/Users/giuse/AppData/Roaming/TinyTeX/texmf-dist/tex/latex/lm/ts1lmr.fd
File: ts1lmr.fd 2009/10/30 v1.6 Font defs for Latin Modern
) [2pdfTeX warning (ext4): destination with the same identifier (name{table.1.1
}) has been already used, duplicate ignored

\AtBegShi@Output ...ipout \box \AtBeginShipoutBox 
                                                  \fi \fi 
l.235 \end{table}
                 pdfTeX warning (ext4): destination with the same identifier (n
ame{table.1.2}) has been already used, duplicate ignored

\AtBegShi@Output ...ipout \box \AtBeginShipoutBox 
                                                  \fi \fi 
l.235 \end{table}
                 ] [3pdfTeX warning (ext4): destination with the same identifie
r (name{table.1.3}) has been already used, duplicate ignored

\AtBegShi@Output ...ipout \box \AtBeginShipoutBox 
                                                  \fi \fi 
l.396 \newpage
              pdfTeX warning (ext4): destination with the same identifier (name
{table.1.4}) has been already used, duplicate ignored

\AtBegShi@Output ...ipout \box \AtBeginShipoutBox 
                                                  \fi \fi 
l.396 \newpage
              pdfTeX warning (ext4): destination with the same identifier (name
{table.1.5}) has been already used, duplicate ignored

\AtBegShi@Output ...ipout \box \AtBeginShipoutBox 
                                                  \fi \fi 
l.396 \newpage
              ] [4pdfTeX warning (ext4): destination with the same identifier (
name{table.1.6}) has been already used, duplicate ignored

\AtBegShi@Output ...ipout \box \AtBeginShipoutBox 
                                                  \fi \fi 
l.396 \newpage
              pdfTeX warning (ext4): destination with the same identifier (name
{table.1.7}) has been already used, duplicate ignored

\AtBegShi@Output ...ipout \box \AtBeginShipoutBox 
                                                  \fi \fi 
l.396 \newpage
              ] [5pdfTeX warning (ext4): destination with the same identifier (
name{table.1.8}) has been already used, duplicate ignored

\AtBegShi@Output ...ipout \box \AtBeginShipoutBox 
                                                  \fi \fi 
l.396 \newpage
              ] [6pdfTeX warning (ext4): destination with the same identifier (
name{table.2.1}) has been already used, duplicate ignored

\AtBegShi@Output ...ipout \box \AtBeginShipoutBox 
                                                  \fi \fi 
l.479 T
       he inflated standard errors in Model 10a are due to separation issues...
pdfTeX warning (ext4): destination with the same identifier (name{table.2.2}) h
as been already used, duplicate ignored

\AtBegShi@Output ...ipout \box \AtBeginShipoutBox 
                                                  \fi \fi 
l.479 T
       he inflated standard errors in Model 10a are due to separation issues...
] [7pdfTeX warning (ext4): destination with the same identifier (name{table.2.3
}) has been already used, duplicate ignored

\AtBegShi@Output ...ipout \box \AtBeginShipoutBox 
                                                  \fi \fi 
l.604 \blandscape
                 pdfTeX warning (ext4): destination with the same identifier (n
ame{table.2.4}) has been already used, duplicate ignored

\AtBegShi@Output ...ipout \box \AtBeginShipoutBox 
                                                  \fi \fi 
l.604 \blandscape
                 ] [8pdfTeX warning (ext4): destination with the same identifie
r (name{table.2.5}) has been already used, duplicate ignored

\AtBegShi@Output ...ipout \box \AtBeginShipoutBox 
                                                  \fi \fi 
l.604 \blandscape
                 pdfTeX warning (ext4): destination with the same identifier (n
ame{table.2.6}) has been already used, duplicate ignored

\AtBegShi@Output ...ipout \box \AtBeginShipoutBox 
                                                  \fi \fi 
l.604 \blandscape
                 pdfTeX warning (ext4): destination with the same identifier (n
ame{table.2.7}) has been already used, duplicate ignored

\AtBegShi@Output ...ipout \box \AtBeginShipoutBox 
                                                  \fi \fi 
l.604 \blandscape
                 ] [9

pdfTeX warning (ext4): destination with the same identifier (name{table.2.8}) h
as been already used, duplicate ignored

\AtBegShi@Output ...ipout \box \AtBeginShipoutBox 
                                                  \fi \fi 
l.646 \elandscape
                 ]
Overfull \hbox (8.99419pt too wide) in paragraph at lines 653--688
 [][] 
 []

[10


pdfTeX warning (ext4): destination with the same identifier (name{table.2.9}) h
as been already used, duplicate ignored

\AtBegShi@Output ...ipout \box \AtBeginShipoutBox 
                                                  \fi \fi 
l.689 \elandscape
                 ]
Overfull \hbox (36.18898pt too wide) in paragraph at lines 704--718
 [][] 
 []

[11

pdfTeX warning (ext4): destination with the same identifier (name{table.3.1}) h
as been already used, duplicate ignored

\AtBegShi@Output ...ipout \box \AtBeginShipoutBox 
                                                  \fi \fi 
l.771 A
       s a consequence, a constrained version of model 8 and 13 (namely, Mod...
pdfTeX warning (ext4): destination with the same identifier (name{table.3.2}) h
as been already used, duplicate ignored

\AtBegShi@Output ...ipout \box \AtBeginShipoutBox 
                                                  \fi \fi 
l.771 A
       s a consequence, a constrained version of model 8 and 13 (namely, Mod...
]
Overfull \hbox (22.27405pt too wide) in paragraph at lines 995--1030
 [][] 
 []


Overfull \hbox (49.0187pt too wide) in paragraph at lines 1037--1072
 [][] 
 []

[12pdfTeX warning (ext4): destination with the same identifier (name{table.3.3}
) has been already used, duplicate ignored

\AtBegShi@Output ...ipout \box \AtBeginShipoutBox 
                                                  \fi \fi 
l.1074 \newpage
               pdfTeX warning (ext4): destination with the same identifier (nam
e{table.3.4}) has been already used, duplicate ignored

\AtBegShi@Output ...ipout \box \AtBeginShipoutBox 
                                                  \fi \fi 
l.1074 \newpage
               pdfTeX warning (ext4): destination with the same identifier (nam
e{table.3.5}) has been already used, duplicate ignored

\AtBegShi@Output ...ipout \box \AtBeginShipoutBox 
                                                  \fi \fi 
l.1074 \newpage
               ] [13pdfTeX warning (ext4): destination with the same identifier
 (name{table.3.6}) has been already used, duplicate ignored

\AtBegShi@Output ...ipout \box \AtBeginShipoutBox 
                                                  \fi \fi 
l.1074 \newpage
               pdfTeX warning (ext4): destination with the same identifier (nam
e{table.3.7}) has been already used, duplicate ignored

\AtBegShi@Output ...ipout \box \AtBeginShipoutBox 
                                                  \fi \fi 
l.1074 \newpage
               pdfTeX warning (ext4): destination with the same identifier (nam
e{table.3.8}) has been already used, duplicate ignored

\AtBegShi@Output ...ipout \box \AtBeginShipoutBox 
                                                  \fi \fi 
l.1074 \newpage
               pdfTeX warning (ext4): destination with the same identifier (nam
e{table.3.9}) has been already used, duplicate ignored

\AtBegShi@Output ...ipout \box \AtBeginShipoutBox 
                                                  \fi \fi 
l.1074 \newpage
               pdfTeX warning (ext4): destination with the same identifier (nam
e{table.3.10}) has been already used, duplicate ignored

\AtBegShi@Output ...ipout \box \AtBeginShipoutBox 
                                                  \fi \fi 
l.1074 \newpage
               pdfTeX warning (ext4): destination with the same identifier (nam
e{table.3.11}) has been already used, duplicate ignored

\AtBegShi@Output ...ipout \box \AtBeginShipoutBox 
                                                  \fi \fi 
l.1074 \newpage
               ] [14pdfTeX warning (ext4): destination with the same identifier
 (name{table.3.12}) has been already used, duplicate ignored

\AtBegShi@Output ...ipout \box \AtBeginShipoutBox 
                                                  \fi \fi 
l.1074 \newpage
               pdfTeX warning (ext4): destination with the same identifier (nam
e{table.3.13}) has been already used, duplicate ignored

\AtBegShi@Output ...ipout \box \AtBeginShipoutBox 
                                                  \fi \fi 
l.1074 \newpage
               ] [15pdfTeX warning (ext4): destination with the same identifier
 (name{table.3.14}) has been already used, duplicate ignored

\AtBegShi@Output ...ipout \box \AtBeginShipoutBox 
                                                  \fi \fi 
l.1074 \newpage
               ] [16pdfTeX warning (ext4): destination with the same identifier
 (name{table.4.1}) has been already used, duplicate ignored

\AtBegShi@Output ...ipout \box \AtBeginShipoutBox 
                                                  \fi \fi 
l.1162 
       pdfTeX warning (ext4): destination with the same identifier (name{table.
4.2}) has been already used, duplicate ignored

\AtBegShi@Output ...ipout \box \AtBeginShipoutBox 
                                                  \fi \fi 
l.1162 
       ]
Overfull \hbox (49.53523pt too wide) in paragraph at lines 1384--1419
 [][] 
 []


LaTeX Warning: `!h' float specifier changed to `!ht'.

[17pdfTeX warning (ext4): destination with the same identifier (name{table.4.3}
) has been already used, duplicate ignored

\AtBegShi@Output ...ipout \box \AtBeginShipoutBox 
                                                  \fi \fi 
l.1460 
       pdfTeX warning (ext4): destination with the same identifier (name{table.
4.4}) has been already used, duplicate ignored

\AtBegShi@Output ...ipout \box \AtBeginShipoutBox 
                                                  \fi \fi 
l.1460 
       pdfTeX warning (ext4): destination with the same identifier (name{table.
4.5}) has been already used, duplicate ignored

\AtBegShi@Output ...ipout \box \AtBeginShipoutBox 
                                                  \fi \fi 
l.1460 
       ] [18pdfTeX warning (ext4): destination with the same identifier (name{t
able.4.6}) has been already used, duplicate ignored

\AtBegShi@Output ...ipout \box \AtBeginShipoutBox 
                                                  \fi \fi 
l.1460 
       pdfTeX warning (ext4): destination with the same identifier (name{table.
4.7}) has been already used, duplicate ignored

\AtBegShi@Output ...ipout \box \AtBeginShipoutBox 
                                                  \fi \fi 
l.1460 
       pdfTeX warning (ext4): destination with the same identifier (name{table.
4.8}) has been already used, duplicate ignored

\AtBegShi@Output ...ipout \box \AtBeginShipoutBox 
                                                  \fi \fi 
l.1460 
       pdfTeX warning (ext4): destination with the same identifier (name{table.
4.9}) has been already used, duplicate ignored

\AtBegShi@Output ...ipout \box \AtBeginShipoutBox 
                                                  \fi \fi 
l.1460 
       pdfTeX warning (ext4): destination with the same identifier (name{table.
4.10}) has been already used, duplicate ignored

\AtBegShi@Output ...ipout \box \AtBeginShipoutBox 
                                                  \fi \fi 
l.1460 
       ] [19pdfTeX warning (ext4): destination with the same identifier (name{t
able.4.11}) has been already used, duplicate ignored

\AtBegShi@Output ...ipout \box \AtBeginShipoutBox 
                                                  \fi \fi 
l.1460 
       ] [20pdfTeX warning (ext4): destination with the same identifier (name{t
able.4.12}) has been already used, duplicate ignored

\AtBegShi@Output ...ipout \box \AtBeginShipoutBox 
                                                  \fi \fi 
l.1460 
       ]

LaTeX Warning: `!h' float specifier changed to `!ht'.


Overfull \hbox (18.42804pt too wide) in paragraph at lines 1522--1557
 [][] 
 []


Overfull \hbox (43.08846pt too wide) in paragraph at lines 1563--1598
 [][] 
 []

[21pdfTeX warning (ext4): destination with the same identifier (name{table.5.1}
) has been already used, duplicate ignored

\AtBegShi@Output ...ipout \box \AtBeginShipoutBox 
                                                  \fi \fi 
l.1601 
       pdfTeX warning (ext4): destination with the same identifier (name{table.
5.2}) has been already used, duplicate ignored

\AtBegShi@Output ...ipout \box \AtBeginShipoutBox 
                                                  \fi \fi 
l.1601 
       ] [22pdfTeX warning (ext4): destination with the same identifier (name{t
able.5.3}) has been already used, duplicate ignored

\AtBegShi@Output ...ipout \box \AtBeginShipoutBox 
                                                  \fi \fi 
l.1627 \end{table}
                  pdfTeX warning (ext4): destination with the same identifier (
name{table.5.4}) has been already used, duplicate ignored

\AtBegShi@Output ...ipout \box \AtBeginShipoutBox 
                                                  \fi \fi 
l.1627 \end{table}
                  ] [23pdfTeX warning (ext4): destination with the same identif
ier (name{table.5.5}) has been already used, duplicate ignored

\AtBegShi@Output ...ipout \box \AtBeginShipoutBox 
                                                  \fi \fi 
l.1627 \end{table}
                  ] [24pdfTeX warning (ext4): destination with the same identif
ier (name{table.6.1}) has been already used, duplicate ignored

\AtBegShi@Output ...ipout \box \AtBeginShipoutBox 
                                                  \fi \fi 
l.1687 
       pdfTeX warning (ext4): destination with the same identifier (name{table.
6.2}) has been already used, duplicate ignored

\AtBegShi@Output ...ipout \box \AtBeginShipoutBox 
                                                  \fi \fi 
l.1687 
       ] [25pdfTeX warning (ext4): destination with the same identifier (name{t
able.6.3}) has been already used, duplicate ignored

\AtBegShi@Output ...ipout \box \AtBeginShipoutBox 
                                                  \fi \fi 
l.1771 
       pdfTeX warning (ext4): destination with the same identifier (name{table.
6.4}) has been already used, duplicate ignored

\AtBegShi@Output ...ipout \box \AtBeginShipoutBox 
                                                  \fi \fi 
l.1771 
       pdfTeX warning (ext4): destination with the same identifier (name{table.
6.5}) has been already used, duplicate ignored

\AtBegShi@Output ...ipout \box \AtBeginShipoutBox 
                                                  \fi \fi 
l.1771 
       pdfTeX warning (ext4): destination with the same identifier (name{table.
6.6}) has been already used, duplicate ignored

\AtBegShi@Output ...ipout \box \AtBeginShipoutBox 
                                                  \fi \fi 
l.1771 
       ]
Overfull \hbox (20.35104pt too wide) in paragraph at lines 1904--1939
 [][] 
 []

[26pdfTeX warning (ext4): destination with the same identifier (name{table.6.7}
) has been already used, duplicate ignored

\AtBegShi@Output ...ipout \box \AtBeginShipoutBox 
                                                  \fi \fi 
l.1941 \newpage
               pdfTeX warning (ext4): destination with the same identifier (nam
e{table.6.8}) has been already used, duplicate ignored

\AtBegShi@Output ...ipout \box \AtBeginShipoutBox 
                                                  \fi \fi 
l.1941 \newpage
               ] [27pdfTeX warning (ext4): destination with the same identifier
 (name{table.6.9}) has been already used, duplicate ignored

\AtBegShi@Output ...ipout \box \AtBeginShipoutBox 
                                                  \fi \fi 
l.1941 \newpage
               pdfTeX warning (ext4): destination with the same identifier (nam
e{table.6.10}) has been already used, duplicate ignored

\AtBegShi@Output ...ipout \box \AtBeginShipoutBox 
                                                  \fi \fi 
l.1941 \newpage
               pdfTeX warning (ext4): destination with the same identifier (nam
e{table.6.11}) has been already used, duplicate ignored

\AtBegShi@Output ...ipout \box \AtBeginShipoutBox 
                                                  \fi \fi 
l.1941 \newpage
               pdfTeX warning (ext4): destination with the same identifier (nam
e{table.6.12}) has been already used, duplicate ignored

\AtBegShi@Output ...ipout \box \AtBeginShipoutBox 
                                                  \fi \fi 
l.1941 \newpage
               ] [28pdfTeX warning (ext4): destination with the same identifier
 (name{table.6.13}) has been already used, duplicate ignored

\AtBegShi@Output ...ipout \box \AtBeginShipoutBox 
                                                  \fi \fi 
l.1941 \newpage
               ]
Overfull \hbox (36.45027pt too wide) in paragraph at lines 1948--1983
 [][] 
 []

[29

pdfTeX warning (ext4): destination with the same identifier (name{table.6.14}) 
has been already used, duplicate ignored

\AtBegShi@Output ...ipout \box \AtBeginShipoutBox 
                                                  \fi \fi 
l.1984 \elandscape
                  ]

LaTeX Warning: `!h' float specifier changed to `!ht'.

[30

pdfTeX warning (ext4): destination with the same identifier (name{table.7.1}) h
as been already used, duplicate ignored

\AtBegShi@Output ...ipout \box \AtBeginShipoutBox 
                                                  \fi \fi 
l.2092 \blandscape
                  pdfTeX warning (ext4): destination with the same identifier (
name{table.7.2}) has been already used, duplicate ignored

\AtBegShi@Output ...ipout \box \AtBeginShipoutBox 
                                                  \fi \fi 
l.2092 \blandscape
                  ] [31pdfTeX warning (ext4): destination with the same identif
ier (name{table.7.3}) has been already used, duplicate ignored

\AtBegShi@Output ...ipout \box \AtBeginShipoutBox 
                                                  \fi \fi 
l.2092 \blandscape
                  ] [32

pdfTeX warning (ext4): destination with the same identifier (name{table.7.4}) h
as been already used, duplicate ignored

\AtBegShi@Output ...ipout \box \AtBeginShipoutBox 
                                                  \fi \fi 
l.2134 \elandscape
                  ] [33


pdfTeX warning (ext4): destination with the same identifier (name{table.7.5}) h
as been already used, duplicate ignored

\AtBegShi@Output ...ipout \box \AtBeginShipoutBox 
                                                  \fi \fi 
l.2177 \elandscape
                  ]

LaTeX Warning: `!h' float specifier changed to `!ht'.


Overfull \hbox (18.42804pt too wide) in paragraph at lines 2280--2315
 [][] 
 []


Overfull \hbox (43.08846pt too wide) in paragraph at lines 2321--2356
 [][] 
 []

[34

pdfTeX warning (ext4): destination with the same identifier (name{table.8.1}) h
as been already used, duplicate ignored

\AtBegShi@Output ...ipout \box \AtBeginShipoutBox 
                                                  \fi \fi 
l.2358 \newpage
               pdfTeX warning (ext4): destination with the same identifier (nam
e{table.8.2}) has been already used, duplicate ignored

\AtBegShi@Output ...ipout \box \AtBeginShipoutBox 
                                                  \fi \fi 
l.2358 \newpage
               ] [35pdfTeX warning (ext4): destination with the same identifier
 (name{table.8.3}) has been already used, duplicate ignored

\AtBegShi@Output ...ipout \box \AtBeginShipoutBox 
                                                  \fi \fi 
l.2385 \end{table}
                  pdfTeX warning (ext4): destination with the same identifier (
name{table.8.4}) has been already used, duplicate ignored

\AtBegShi@Output ...ipout \box \AtBeginShipoutBox 
                                                  \fi \fi 
l.2385 \end{table}
                  ] [36pdfTeX warning (ext4): destination with the same identif
ier (name{table.8.5}) has been already used, duplicate ignored

\AtBegShi@Output ...ipout \box \AtBeginShipoutBox 
                                                  \fi \fi 
l.2385 \end{table}
                  ]

LaTeX Warning: `!h' float specifier changed to `!ht'.


Overfull \hbox (18.42804pt too wide) in paragraph at lines 2470--2505
 [][] 
 []


Overfull \hbox (43.08846pt too wide) in paragraph at lines 2511--2546
 [][] 
 []

[37pdfTeX warning (ext4): destination with the same identifier (name{table.9.1}
) has been already used, duplicate ignored

\AtBegShi@Output ...ipout \box \AtBeginShipoutBox 
                                                  \fi \fi 
l.2548 \newpage
               pdfTeX warning (ext4): destination with the same identifier (nam
e{table.9.2}) has been already used, duplicate ignored

\AtBegShi@Output ...ipout \box \AtBeginShipoutBox 
                                                  \fi \fi 
l.2548 \newpage
               ] [38pdfTeX warning (ext4): destination with the same identifier
 (name{table.9.3}) has been already used, duplicate ignored

\AtBegShi@Output ...ipout \box \AtBeginShipoutBox 
                                                  \fi \fi 
l.2572 \end{table}
                  pdfTeX warning (ext4): destination with the same identifier (
name{table.9.4}) has been already used, duplicate ignored

\AtBegShi@Output ...ipout \box \AtBeginShipoutBox 
                                                  \fi \fi 
l.2572 \end{table}
                  ] [39pdfTeX warning (ext4): destination with the same identif
ier (name{table.9.5}) has been already used, duplicate ignored

\AtBegShi@Output ...ipout \box \AtBeginShipoutBox 
                                                  \fi \fi 
l.2572 \end{table}
                  ]

LaTeX Warning: `!h' float specifier changed to `!ht'.

[40pdfTeX warning (ext4): destination with the same identifier (name{table.10.1
}) has been already used, duplicate ignored

\AtBegShi@Output ...ipout \box \AtBeginShipoutBox 
                                                  \fi \fi 
l.2653 
       pdfTeX warning (ext4): destination with the same identifier (name{table.
10.2}) has been already used, duplicate ignored

\AtBegShi@Output ...ipout \box \AtBeginShipoutBox 
                                                  \fi \fi 
l.2653 
       ] [41pdfTeX warning (ext4): destination with the same identifier (name{t
able.10.3}) has been already used, duplicate ignored

\AtBegShi@Output ...ipout \box \AtBeginShipoutBox 
                                                  \fi \fi 
l.2719 \blandscape
                  pdfTeX warning (ext4): destination with the same identifier (
name{table.10.4}) has been already used, duplicate ignored

\AtBegShi@Output ...ipout \box \AtBeginShipoutBox 
                                                  \fi \fi 
l.2719 \blandscape
                  pdfTeX warning (ext4): destination with the same identifier (
name{table.10.5}) has been already used, duplicate ignored

\AtBegShi@Output ...ipout \box \AtBeginShipoutBox 
                                                  \fi \fi 
l.2719 \blandscape
                  ] [42pdfTeX warning (ext4): destination with the same identif
ier (name{table.10.6}) has been already used, duplicate ignored

\AtBegShi@Output ...ipout \box \AtBeginShipoutBox 
                                                  \fi \fi 
l.2719 \blandscape
                  ] [43

pdfTeX warning (ext4): destination with the same identifier (name{table.10.7}) 
has been already used, duplicate ignored

\AtBegShi@Output ...ipout \box \AtBeginShipoutBox 
                                                  \fi \fi 
l.2761 \elandscape
                  ] [44


pdfTeX warning (ext4): destination with the same identifier (name{table.10.8}) 
has been already used, duplicate ignored

\AtBegShi@Output ...ipout \box \AtBeginShipoutBox 
                                                  \fi \fi 
l.2804 \elandscape
                  ] [45

pdfTeX warning (ext4): destination with the same identifier (name{table.11.1}) 
has been already used, duplicate ignored

\AtBegShi@Output ...ipout \box \AtBeginShipoutBox 
                                                  \fi \fi 
l.2894 
       pdfTeX warning (ext4): destination with the same identifier (name{table.
11.2}) has been already used, duplicate ignored

\AtBegShi@Output ...ipout \box \AtBeginShipoutBox 
                                                  \fi \fi 
l.2894 
       ] [46pdfTeX warning (ext4): destination with the same identifier (name{t
able.11.3}) has been already used, duplicate ignored

\AtBegShi@Output ...ipout \box \AtBeginShipoutBox 
                                                  \fi \fi 
l.2916 \blandscape
                  ] [47

pdfTeX warning (ext4): destination with the same identifier (name{table.11.4}) 
has been already used, duplicate ignored

\AtBegShi@Output ...ipout \box \AtBeginShipoutBox 
                                                  \fi \fi 
l.2958 \elandscape
                  ] [48


pdfTeX warning (ext4): destination with the same identifier (name{table.11.5}) 
has been already used, duplicate ignored

\AtBegShi@Output ...ipout \box \AtBeginShipoutBox 
                                                  \fi \fi 
l.3001 \elandscape
                  ]

LaTeX Warning: `!h' float specifier changed to `!ht'.

[49

pdfTeX warning (ext4): destination with the same identifier (name{table.12.1}) 
has been already used, duplicate ignored

\AtBegShi@Output ...ipout \box \AtBeginShipoutBox 
                                                  \fi \fi 
l.3113 
       pdfTeX warning (ext4): destination with the same identifier (name{table.
12.2}) has been already used, duplicate ignored

\AtBegShi@Output ...ipout \box \AtBeginShipoutBox 
                                                  \fi \fi 
l.3113 
       ]
Overfull \hbox (43.78525pt too wide) in paragraph at lines 3205--3240
 [][] 
 []

[50pdfTeX warning (ext4): destination with the same identifier (name{table.12.3
}) has been already used, duplicate ignored

\AtBegShi@Output ...ipout \box \AtBeginShipoutBox 
                                                  \fi \fi 
l.3242 \newpage
               pdfTeX warning (ext4): destination with the same identifier (nam
e{table.12.4}) has been already used, duplicate ignored

\AtBegShi@Output ...ipout \box \AtBeginShipoutBox 
                                                  \fi \fi 
l.3242 \newpage
               pdfTeX warning (ext4): destination with the same identifier (nam
e{table.12.5}) has been already used, duplicate ignored

\AtBegShi@Output ...ipout \box \AtBeginShipoutBox 
                                                  \fi \fi 
l.3242 \newpage
               ] [51pdfTeX warning (ext4): destination with the same identifier
 (name{table.12.6}) has been already used, duplicate ignored

\AtBegShi@Output ...ipout \box \AtBeginShipoutBox 
                                                  \fi \fi 
l.3242 \newpage
               ] [52pdfTeX warning (ext4): destination with the same identifier
 (name{table.12.7}) has been already used, duplicate ignored

\AtBegShi@Output ...ipout \box \AtBeginShipoutBox 
                                                  \fi \fi 
l.3242 \newpage
               ] [53pdfTeX warning (ext4): destination with the same identifier
 (name{table.13.1}) has been already used, duplicate ignored

\AtBegShi@Output ...ipout \box \AtBeginShipoutBox 
                                                  \fi \fi 
l.3328 
       pdfTeX warning (ext4): destination with the same identifier (name{table.
13.2}) has been already used, duplicate ignored

\AtBegShi@Output ...ipout \box \AtBeginShipoutBox 
                                                  \fi \fi 
l.3328 
       ]

LaTeX Warning: `!h' float specifier changed to `!ht'.

[54pdfTeX warning (ext4): destination with the same identifier (name{table.13.3
}) has been already used, duplicate ignored

\AtBegShi@Output ...ipout \box \AtBeginShipoutBox 
                                                  \fi \fi 
l.3440 
       pdfTeX warning (ext4): destination with the same identifier (name{table.
13.4}) has been already used, duplicate ignored

\AtBegShi@Output ...ipout \box \AtBeginShipoutBox 
                                                  \fi \fi 
l.3440 
       pdfTeX warning (ext4): destination with the same identifier (name{table.
13.5}) has been already used, duplicate ignored

\AtBegShi@Output ...ipout \box \AtBeginShipoutBox 
                                                  \fi \fi 
l.3440 
       pdfTeX warning (ext4): destination with the same identifier (name{table.
13.6}) has been already used, duplicate ignored

\AtBegShi@Output ...ipout \box \AtBeginShipoutBox 
                                                  \fi \fi 
l.3440 
       ]
Overfull \hbox (14.58203pt too wide) in paragraph at lines 3596--3631
 [][] 
 []

[55pdfTeX warning (ext4): destination with the same identifier (name{table.13.7
}) has been already used, duplicate ignored

\AtBegShi@Output ...ipout \box \AtBeginShipoutBox 
                                                  \fi \fi 
l.3715 \newpage
               pdfTeX warning (ext4): destination with the same identifier (nam
e{table.13.8}) has been already used, duplicate ignored

\AtBegShi@Output ...ipout \box \AtBeginShipoutBox 
                                                  \fi \fi 
l.3715 \newpage
               pdfTeX warning (ext4): destination with the same identifier (nam
e{table.13.9}) has been already used, duplicate ignored

\AtBegShi@Output ...ipout \box \AtBeginShipoutBox 
                                                  \fi \fi 
l.3715 \newpage
               ] [56pdfTeX warning (ext4): destination with the same identifier
 (name{table.13.10}) has been already used, duplicate ignored

\AtBegShi@Output ...ipout \box \AtBeginShipoutBox 
                                                  \fi \fi 
l.3715 \newpage
               pdfTeX warning (ext4): destination with the same identifier (nam
e{table.13.11}) has been already used, duplicate ignored

\AtBegShi@Output ...ipout \box \AtBeginShipoutBox 
                                                  \fi \fi 
l.3715 \newpage
               pdfTeX warning (ext4): destination with the same identifier (nam
e{table.13.12}) has been already used, duplicate ignored

\AtBegShi@Output ...ipout \box \AtBeginShipoutBox 
                                                  \fi \fi 
l.3715 \newpage
               pdfTeX warning (ext4): destination with the same identifier (nam
e{table.13.13}) has been already used, duplicate ignored

\AtBegShi@Output ...ipout \box \AtBeginShipoutBox 
                                                  \fi \fi 
l.3715 \newpage
               pdfTeX warning (ext4): destination with the same identifier (nam
e{table.13.14}) has been already used, duplicate ignored

\AtBegShi@Output ...ipout \box \AtBeginShipoutBox 
                                                  \fi \fi 
l.3715 \newpage
               ] [57pdfTeX warning (ext4): destination with the same identifier
 (name{table.13.15}) has been already used, duplicate ignored

\AtBegShi@Output ...ipout \box \AtBeginShipoutBox 
                                                  \fi \fi 
l.3715 \newpage
               ] [58pdfTeX warning (ext4): destination with the same identifier
 (name{table.13.16}) has been already used, duplicate ignored

\AtBegShi@Output ...ipout \box \AtBeginShipoutBox 
                                                  \fi \fi 
l.3715 \newpage
               ] [59pdfTeX warning (ext4): destination with the same identifier
 (name{table.13.17}) has been already used, duplicate ignored

\AtBegShi@Output ...ipout \box \AtBeginShipoutBox 
                                                  \fi \fi 
l.3715 \newpage
               ] [60pdfTeX warning (ext4): destination with the same identifier
 (name{table.14.1}) has been already used, duplicate ignored

\AtBegShi@Output ...ipout \box \AtBeginShipoutBox 
                                                  \fi \fi 
l.3795 
       pdfTeX warning (ext4): destination with the same identifier (name{table.
14.2}) has been already used, duplicate ignored

\AtBegShi@Output ...ipout \box \AtBeginShipoutBox 
                                                  \fi \fi 
l.3795 
       ]

LaTeX Warning: `!h' float specifier changed to `!ht'.

[61pdfTeX warning (ext4): destination with the same identifier (name{table.14.3
}) has been already used, duplicate ignored

\AtBegShi@Output ...ipout \box \AtBeginShipoutBox 
                                                  \fi \fi 
l.3988 \blandscape
                  pdfTeX warning (ext4): destination with the same identifier (
name{table.14.4}) has been already used, duplicate ignored

\AtBegShi@Output ...ipout \box \AtBeginShipoutBox 
                                                  \fi \fi 
l.3988 \blandscape
                  pdfTeX warning (ext4): destination with the same identifier (
name{table.14.5}) has been already used, duplicate ignored

\AtBegShi@Output ...ipout \box \AtBeginShipoutBox 
                                                  \fi \fi 
l.3988 \blandscape
                  ] [62pdfTeX warning (ext4): destination with the same identif
ier (name{table.14.6}) has been already used, duplicate ignored

\AtBegShi@Output ...ipout \box \AtBeginShipoutBox 
                                                  \fi \fi 
l.3988 \blandscape
                  pdfTeX warning (ext4): destination with the same identifier (
name{table.14.7}) has been already used, duplicate ignored

\AtBegShi@Output ...ipout \box \AtBeginShipoutBox 
                                                  \fi \fi 
l.3988 \blandscape
                  pdfTeX warning (ext4): destination with the same identifier (
name{table.14.8}) has been already used, duplicate ignored

\AtBegShi@Output ...ipout \box \AtBeginShipoutBox 
                                                  \fi \fi 
l.3988 \blandscape
                  pdfTeX warning (ext4): destination with the same identifier (
name{table.14.9}) has been already used, duplicate ignored

\AtBegShi@Output ...ipout \box \AtBeginShipoutBox 
                                                  \fi \fi 
l.3988 \blandscape
                  pdfTeX warning (ext4): destination with the same identifier (
name{table.14.10}) has been already used, duplicate ignored

\AtBegShi@Output ...ipout \box \AtBeginShipoutBox 
                                                  \fi \fi 
l.3988 \blandscape
                  ] [63pdfTeX warning (ext4): destination with the same identif
ier (name{table.14.11}) has been already used, duplicate ignored

\AtBegShi@Output ...ipout \box \AtBeginShipoutBox 
                                                  \fi \fi 
l.3988 \blandscape
                  ] [64

pdfTeX warning (ext4): destination with the same identifier (name{table.14.12})
 has been already used, duplicate ignored

\AtBegShi@Output ...ipout \box \AtBeginShipoutBox 
                                                  \fi \fi 
l.4030 \elandscape
                  ]
Overfull \hbox (16.84843pt too wide) in paragraph at lines 4037--4072
 [][] 
 []

[65


pdfTeX warning (ext4): destination with the same identifier (name{table.14.13})
 has been already used, duplicate ignored

\AtBegShi@Output ...ipout \box \AtBeginShipoutBox 
                                                  \fi \fi 
l.4073 \elandscape
                  ]

LaTeX Warning: `!h' float specifier changed to `!ht'.


Overfull \hbox (18.42804pt too wide) in paragraph at lines 4186--4221
 [][] 
 []


Overfull \hbox (41.16545pt too wide) in paragraph at lines 4227--4262
 [][] 
 []

[66

pdfTeX warning (ext4): destination with the same identifier (name{table.15.1}) 
has been already used, duplicate ignored

\AtBegShi@Output ...ipout \box \AtBeginShipoutBox 
                                                  \fi \fi 
l.4264 \newpage
               pdfTeX warning (ext4): destination with the same identifier (nam
e{table.15.2}) has been already used, duplicate ignored

\AtBegShi@Output ...ipout \box \AtBeginShipoutBox 
                                                  \fi \fi 
l.4264 \newpage
               ] [67pdfTeX warning (ext4): destination with the same identifier
 (name{table.15.3}) has been already used, duplicate ignored

\AtBegShi@Output ...ipout \box \AtBeginShipoutBox 
                                                  \fi \fi 
l.4288 \end{table}
                  pdfTeX warning (ext4): destination with the same identifier (
name{table.15.4}) has been already used, duplicate ignored

\AtBegShi@Output ...ipout \box \AtBeginShipoutBox 
                                                  \fi \fi 
l.4288 \end{table}
                  ] [68pdfTeX warning (ext4): destination with the same identif
ier (name{table.15.5}) has been already used, duplicate ignored

\AtBegShi@Output ...ipout \box \AtBeginShipoutBox 
                                                  \fi \fi 
l.4288 \end{table}
                  ]

LaTeX Warning: Reference `table:crosstab_3_6_mt' on page 69 undefined on input 
line 4336.

[69pdfTeX warning (ext4): destination with the same identifier (name{table.16.1
}) has been already used, duplicate ignored

\AtBegShi@Output ...ipout \box \AtBeginShipoutBox 
                                                  \fi \fi 
l.4343 
       pdfTeX warning (ext4): destination with the same identifier (name{table.
16.2}) has been already used, duplicate ignored

\AtBegShi@Output ...ipout \box \AtBeginShipoutBox 
                                                  \fi \fi 
l.4343 
       ]

LaTeX Warning: `!h' float specifier changed to `!ht'.

[70pdfTeX warning (ext4): destination with the same identifier (name{table.16.3
}) has been already used, duplicate ignored

\AtBegShi@Output ...ipout \box \AtBeginShipoutBox 
                                                  \fi \fi 
l.4675 \newpage
               pdfTeX warning (ext4): destination with the same identifier (nam
e{table.16.4}) has been already used, duplicate ignored

\AtBegShi@Output ...ipout \box \AtBeginShipoutBox 
                                                  \fi \fi 
l.4675 \newpage
               pdfTeX warning (ext4): destination with the same identifier (nam
e{table.16.5}) has been already used, duplicate ignored

\AtBegShi@Output ...ipout \box \AtBeginShipoutBox 
                                                  \fi \fi 
l.4675 \newpage
               ] [71pdfTeX warning (ext4): destination with the same identifier
 (name{table.16.6}) has been already used, duplicate ignored

\AtBegShi@Output ...ipout \box \AtBeginShipoutBox 
                                                  \fi \fi 
l.4676 \blandscape
                  pdfTeX warning (ext4): destination with the same identifier (
name{table.16.7}) has been already used, duplicate ignored

\AtBegShi@Output ...ipout \box \AtBeginShipoutBox 
                                                  \fi \fi 
l.4676 \blandscape
                  pdfTeX warning (ext4): destination with the same identifier (
name{table.16.8}) has been already used, duplicate ignored

\AtBegShi@Output ...ipout \box \AtBeginShipoutBox 
                                                  \fi \fi 
l.4676 \blandscape
                  pdfTeX warning (ext4): destination with the same identifier (
name{table.16.9}) has been already used, duplicate ignored

\AtBegShi@Output ...ipout \box \AtBeginShipoutBox 
                                                  \fi \fi 
l.4676 \blandscape
                  pdfTeX warning (ext4): destination with the same identifier (
name{table.16.10}) has been already used, duplicate ignored

\AtBegShi@Output ...ipout \box \AtBeginShipoutBox 
                                                  \fi \fi 
l.4676 \blandscape
                  ] [72pdfTeX warning (ext4): destination with the same identif
ier (name{table.16.11}) has been already used, duplicate ignored

\AtBegShi@Output ...ipout \box \AtBeginShipoutBox 
                                                  \fi \fi 
l.4676 \blandscape
                  pdfTeX warning (ext4): destination with the same identifier (
name{table.16.12}) has been already used, duplicate ignored

\AtBegShi@Output ...ipout \box \AtBeginShipoutBox 
                                                  \fi \fi 
l.4676 \blandscape
                  pdfTeX warning (ext4): destination with the same identifier (
name{table.16.13}) has been already used, duplicate ignored

\AtBegShi@Output ...ipout \box \AtBeginShipoutBox 
                                                  \fi \fi 
l.4676 \blandscape
                  pdfTeX warning (ext4): destination with the same identifier (
name{table.16.14}) has been already used, duplicate ignored

\AtBegShi@Output ...ipout \box \AtBeginShipoutBox 
                                                  \fi \fi 
l.4676 \blandscape
                  pdfTeX warning (ext4): destination with the same identifier (
name{table.16.15}) has been already used, duplicate ignored

\AtBegShi@Output ...ipout \box \AtBeginShipoutBox 
                                                  \fi \fi 
l.4676 \blandscape
                  pdfTeX warning (ext4): destination with the same identifier (
name{table.16.16}) has been already used, duplicate ignored

\AtBegShi@Output ...ipout \box \AtBeginShipoutBox 
                                                  \fi \fi 
l.4676 \blandscape
                  ] [73pdfTeX warning (ext4): destination with the same identif
ier (name{table.16.17}) has been already used, duplicate ignored

\AtBegShi@Output ...ipout \box \AtBeginShipoutBox 
                                                  \fi \fi 
l.4676 \blandscape
                  pdfTeX warning (ext4): destination with the same identifier (
name{table.16.18}) has been already used, duplicate ignored

\AtBegShi@Output ...ipout \box \AtBeginShipoutBox 
                                                  \fi \fi 
l.4676 \blandscape
                  ] [74

pdfTeX warning (ext4): destination with the same identifier (name{table.16.19})
 has been already used, duplicate ignored

\AtBegShi@Output ...ipout \box \AtBeginShipoutBox 
                                                  \fi \fi 
l.4718 \elandscape
                  ] [75


pdfTeX warning (ext4): destination with the same identifier (name{table.16.20})
 has been already used, duplicate ignored

\AtBegShi@Output ...ipout \box \AtBeginShipoutBox 
                                                  \fi \fi 
l.4763 \elandscape
                  ]

LaTeX Warning: `!h' float specifier changed to `!ht'.

[76

pdfTeX warning (ext4): destination with the same identifier (name{table.17.1}) 
has been already used, duplicate ignored

\AtBegShi@Output ...ipout \box \AtBeginShipoutBox 
                                                  \fi \fi 
l.4870 \newpage
               pdfTeX warning (ext4): destination with the same identifier (nam
e{table.17.2}) has been already used, duplicate ignored

\AtBegShi@Output ...ipout \box \AtBeginShipoutBox 
                                                  \fi \fi 
l.4870 \newpage
               ] [77pdfTeX warning (ext4): destination with the same identifier
 (name{table.17.3}) has been already used, duplicate ignored

\AtBegShi@Output ...ipout \box \AtBeginShipoutBox 
                                                  \fi \fi 
l.4871 \blandscape
                  ] [78

pdfTeX warning (ext4): destination with the same identifier (name{table.17.4}) 
has been already used, duplicate ignored

\AtBegShi@Output ...ipout \box \AtBeginShipoutBox 
                                                  \fi \fi 
l.4913 \elandscape
                  ] [79


pdfTeX warning (ext4): destination with the same identifier (name{table.17.5}) 
has been already used, duplicate ignored

\AtBegShi@Output ...ipout \box \AtBeginShipoutBox 
                                                  \fi \fi 
l.4958 \elandscape
                  ] [80

pdfTeX warning (ext4): destination with the same identifier (name{table.18.1}) 
has been already used, duplicate ignored

\AtBegShi@Output ...ipout \box \AtBeginShipoutBox 
                                                  \fi \fi 
l.5040 
       pdfTeX warning (ext4): destination with the same identifier (name{table.
18.2}) has been already used, duplicate ignored

\AtBegShi@Output ...ipout \box \AtBeginShipoutBox 
                                                  \fi \fi 
l.5040 
       ] [81pdfTeX warning (ext4): destination with the same identifier (name{t
able.18.3}) has been already used, duplicate ignored

\AtBegShi@Output ...ipout \box \AtBeginShipoutBox 
                                                  \fi \fi 
l.5165 \blandscape
                  pdfTeX warning (ext4): destination with the same identifier (
name{table.18.4}) has been already used, duplicate ignored

\AtBegShi@Output ...ipout \box \AtBeginShipoutBox 
                                                  \fi \fi 
l.5165 \blandscape
                  pdfTeX warning (ext4): destination with the same identifier (
name{table.18.5}) has been already used, duplicate ignored

\AtBegShi@Output ...ipout \box \AtBeginShipoutBox 
                                                  \fi \fi 
l.5165 \blandscape
                  ] [82pdfTeX warning (ext4): destination with the same identif
ier (name{table.18.6}) has been already used, duplicate ignored

\AtBegShi@Output ...ipout \box \AtBeginShipoutBox 
                                                  \fi \fi 
l.5165 \blandscape
                  pdfTeX warning (ext4): destination with the same identifier (
name{table.18.7}) has been already used, duplicate ignored

\AtBegShi@Output ...ipout \box \AtBeginShipoutBox 
                                                  \fi \fi 
l.5165 \blandscape
                  ] [83

pdfTeX warning (ext4): destination with the same identifier (name{table.18.8}) 
has been already used, duplicate ignored

\AtBegShi@Output ...ipout \box \AtBeginShipoutBox 
                                                  \fi \fi 
l.5207 \elandscape
                  ]
Overfull \hbox (26.52882pt too wide) in paragraph at lines 5214--5249
 [][] 
 []

[84


pdfTeX warning (ext4): destination with the same identifier (name{table.18.9}) 
has been already used, duplicate ignored

\AtBegShi@Output ...ipout \box \AtBeginShipoutBox 
                                                  \fi \fi 
l.5250 \elandscape
                  ]

LaTeX Warning: `!h' float specifier changed to `!ht'.

[85

pdfTeX warning (ext4): destination with the same identifier (name{table.19.1}) 
has been already used, duplicate ignored

\AtBegShi@Output ...ipout \box \AtBeginShipoutBox 
                                                  \fi \fi 
l.5355 
       pdfTeX warning (ext4): destination with the same identifier (name{table.
19.2}) has been already used, duplicate ignored

\AtBegShi@Output ...ipout \box \AtBeginShipoutBox 
                                                  \fi \fi 
l.5355 
       ] [86pdfTeX warning (ext4): destination with the same identifier (name{t
able.19.3}) has been already used, duplicate ignored

\AtBegShi@Output ...ipout \box \AtBeginShipoutBox 
                                                  \fi \fi 
l.5441 \blandscape
                  pdfTeX warning (ext4): destination with the same identifier (
name{table.19.4}) has been already used, duplicate ignored

\AtBegShi@Output ...ipout \box \AtBeginShipoutBox 
                                                  \fi \fi 
l.5441 \blandscape
                  pdfTeX warning (ext4): destination with the same identifier (
name{table.19.5}) has been already used, duplicate ignored

\AtBegShi@Output ...ipout \box \AtBeginShipoutBox 
                                                  \fi \fi 
l.5441 \blandscape
                  ] [87pdfTeX warning (ext4): destination with the same identif
ier (name{table.19.6}) has been already used, duplicate ignored

\AtBegShi@Output ...ipout \box \AtBeginShipoutBox 
                                                  \fi \fi 
l.5441 \blandscape
                  pdfTeX warning (ext4): destination with the same identifier (
name{table.19.7}) has been already used, duplicate ignored

\AtBegShi@Output ...ipout \box \AtBeginShipoutBox 
                                                  \fi \fi 
l.5441 \blandscape
                  ] [88

pdfTeX warning (ext4): destination with the same identifier (name{table.19.8}) 
has been already used, duplicate ignored

\AtBegShi@Output ...ipout \box \AtBeginShipoutBox 
                                                  \fi \fi 
l.5483 \elandscape
                  ] [89


pdfTeX warning (ext4): destination with the same identifier (name{table.19.9}) 
has been already used, duplicate ignored

\AtBegShi@Output ...ipout \box \AtBeginShipoutBox 
                                                  \fi \fi 
l.5526 \elandscape
                  ] [90

pdfTeX warning (ext4): destination with the same identifier (name{table.20.1}) 
has been already used, duplicate ignored

\AtBegShi@Output ...ipout \box \AtBeginShipoutBox 
                                                  \fi \fi 
l.5612 
       pdfTeX warning (ext4): destination with the same identifier (name{table.
20.2}) has been already used, duplicate ignored

\AtBegShi@Output ...ipout \box \AtBeginShipoutBox 
                                                  \fi \fi 
l.5612 
       ]
Overfull \hbox (16.50504pt too wide) in paragraph at lines 5730--5765
 [][] 
 []

LaTeX Font Info:    External font `lmex10' loaded for size
(Font)              <9> on input line 5772.

Overfull \hbox (14.87778pt too wide) in paragraph at lines 5772--5807
 [][] 
 []

[91pdfTeX warning (ext4): destination with the same identifier (name{table.20.3
}) has been already used, duplicate ignored

\AtBegShi@Output ...ipout \box \AtBeginShipoutBox 
                                                  \fi \fi 
l.5809 \newpage
               pdfTeX warning (ext4): destination with the same identifier (nam
e{table.20.4}) has been already used, duplicate ignored

\AtBegShi@Output ...ipout \box \AtBeginShipoutBox 
                                                  \fi \fi 
l.5809 \newpage
               pdfTeX warning (ext4): destination with the same identifier (nam
e{table.20.5}) has been already used, duplicate ignored

\AtBegShi@Output ...ipout \box \AtBeginShipoutBox 
                                                  \fi \fi 
l.5809 \newpage
               ] [92pdfTeX warning (ext4): destination with the same identifier
 (name{table.20.6}) has been already used, duplicate ignored

\AtBegShi@Output ...ipout \box \AtBeginShipoutBox 
                                                  \fi \fi 
l.5809 \newpage
               pdfTeX warning (ext4): destination with the same identifier (nam
e{table.20.7}) has been already used, duplicate ignored

\AtBegShi@Output ...ipout \box \AtBeginShipoutBox 
                                                  \fi \fi 
l.5809 \newpage
               pdfTeX warning (ext4): destination with the same identifier (nam
e{table.20.8}) has been already used, duplicate ignored

\AtBegShi@Output ...ipout \box \AtBeginShipoutBox 
                                                  \fi \fi 
l.5809 \newpage
               ] [93pdfTeX warning (ext4): destination with the same identifier
 (name{table.20.9}) has been already used, duplicate ignored

\AtBegShi@Output ...ipout \box \AtBeginShipoutBox 
                                                  \fi \fi 
l.5809 \newpage
               ] [94pdfTeX warning (ext4): destination with the same identifier
 (name{table.21.1}) has been already used, duplicate ignored

\AtBegShi@Output ...ipout \box \AtBeginShipoutBox 
                                                  \fi \fi 
l.5893 M
        odel 14a inflated standard errors are due to separation issues. In s...
pdfTeX warning (ext4): destination with the same identifier (name{table.21.2}) 
has been already used, duplicate ignored

\AtBegShi@Output ...ipout \box \AtBeginShipoutBox 
                                                  \fi \fi 
l.5893 M
        odel 14a inflated standard errors are due to separation issues. In s...
]

LaTeX Warning: `!h' float specifier changed to `!ht'.


Overfull \hbox (26.15018pt too wide) in paragraph at lines 6064--6099
 [][] 
 []


LaTeX Warning: `!h' float specifier changed to `!ht'.

[95pdfTeX warning (ext4): destination with the same identifier (name{table.21.3
}) has been already used, duplicate ignored

\AtBegShi@Output ...ipout \box \AtBeginShipoutBox 
                                                  \fi \fi 
l.6222 
       pdfTeX warning (ext4): destination with the same identifier (name{table.
21.4}) has been already used, duplicate ignored

\AtBegShi@Output ...ipout \box \AtBeginShipoutBox 
                                                  \fi \fi 
l.6222 
       pdfTeX warning (ext4): destination with the same identifier (name{table.
21.5}) has been already used, duplicate ignored

\AtBegShi@Output ...ipout \box \AtBeginShipoutBox 
                                                  \fi \fi 
l.6222 
       ]

LaTeX Warning: `!h' float specifier changed to `!ht'.

[96pdfTeX warning (ext4): destination with the same identifier (name{table.21.6
}) has been already used, duplicate ignored

\AtBegShi@Output ...ipout \box \AtBeginShipoutBox 
                                                  \fi \fi 
l.6264 
       pdfTeX warning (ext4): destination with the same identifier (name{table.
21.7}) has been already used, duplicate ignored

\AtBegShi@Output ...ipout \box \AtBeginShipoutBox 
                                                  \fi \fi 
l.6264 
       pdfTeX warning (ext4): destination with the same identifier (name{table.
21.8}) has been already used, duplicate ignored

\AtBegShi@Output ...ipout \box \AtBeginShipoutBox 
                                                  \fi \fi 
l.6264 
       ] [97pdfTeX warning (ext4): destination with the same identifier (name{t
able.21.9}) has been already used, duplicate ignored

\AtBegShi@Output ...ipout \box \AtBeginShipoutBox 
                                                  \fi \fi 
l.6264 
       pdfTeX warning (ext4): destination with the same identifier (name{table.
21.10}) has been already used, duplicate ignored

\AtBegShi@Output ...ipout \box \AtBeginShipoutBox 
                                                  \fi \fi 
l.6264 
       ] [98pdfTeX warning (ext4): destination with the same identifier (name{t
able.21.11}) has been already used, duplicate ignored

\AtBegShi@Output ...ipout \box \AtBeginShipoutBox 
                                                  \fi \fi 
l.6264 
       ] [99pdfTeX warning (ext4): destination with the same identifier (name{t
able.21.12}) has been already used, duplicate ignored

\AtBegShi@Output ...ipout \box \AtBeginShipoutBox 
                                                  \fi \fi 
l.6264 
       ]
Overfull \hbox (18.42804pt too wide) in paragraph at lines 6290--6325
 [][] 
 []


Overfull \hbox (43.08846pt too wide) in paragraph at lines 6331--6366
 [][] 
 []

[100pdfTeX warning (ext4): destination with the same identifier (name{table.22.
1}) has been already used, duplicate ignored

\AtBegShi@Output ...ipout \box \AtBeginShipoutBox 
                                                  \fi \fi 
l.6368 \newpage
               pdfTeX warning (ext4): destination with the same identifier (nam
e{table.22.2}) has been already used, duplicate ignored

\AtBegShi@Output ...ipout \box \AtBeginShipoutBox 
                                                  \fi \fi 
l.6368 \newpage
               pdfTeX warning (ext4): destination with the same identifier (nam
e{table.22.3}) has been already used, duplicate ignored

\AtBegShi@Output ...ipout \box \AtBeginShipoutBox 
                                                  \fi \fi 
l.6368 \newpage
               ] [101pdfTeX warning (ext4): destination with the same identifie
r (name{table.22.4}) has been already used, duplicate ignored

\AtBegShi@Output ...ipout \box \AtBeginShipoutBox 
                                                  \fi \fi 
l.6368 \newpage
               ] [102pdfTeX warning (ext4): destination with the same identifie
r (name{table.22.5}) has been already used, duplicate ignored

\AtBegShi@Output ...ipout \box \AtBeginShipoutBox 
                                                  \fi \fi 
l.6368 \newpage
               ] [103pdfTeX warning (ext4): destination with the same identifie
r (name{table.23.1}) has been already used, duplicate ignored

\AtBegShi@Output ...ipout \box \AtBeginShipoutBox 
                                                  \fi \fi 
l.6454 
       pdfTeX warning (ext4): destination with the same identifier (name{table.
23.2}) has been already used, duplicate ignored

\AtBegShi@Output ...ipout \box \AtBeginShipoutBox 
                                                  \fi \fi 
l.6454 
       ] [104pdfTeX warning (ext4): destination with the same identifier (name{
table.23.3}) has been already used, duplicate ignored

\AtBegShi@Output ...ipout \box \AtBeginShipoutBox 
                                                  \fi \fi 
l.6477 \blandscape
                  ] [105

pdfTeX warning (ext4): destination with the same identifier (name{table.23.4}) 
has been already used, duplicate ignored

\AtBegShi@Output ...ipout \box \AtBeginShipoutBox 
                                                  \fi \fi 
l.6519 \elandscape
                  ] [106


pdfTeX warning (ext4): destination with the same identifier (name{table.23.5}) 
has been already used, duplicate ignored

\AtBegShi@Output ...ipout \box \AtBeginShipoutBox 
                                                  \fi \fi 
l.6562 \elandscape
                  ] [107

pdfTeX warning (ext4): destination with the same identifier (name{table.24.1}) 
has been already used, duplicate ignored

\AtBegShi@Output ...ipout \box \AtBeginShipoutBox 
                                                  \fi \fi 
l.6667 \end{table}
                  pdfTeX warning (ext4): destination with the same identifier (
name{table.24.2}) has been already used, duplicate ignored

\AtBegShi@Output ...ipout \box \AtBeginShipoutBox 
                                                  \fi \fi 
l.6667 \end{table}
                  ]
Overfull \hbox (22.27405pt too wide) in paragraph at lines 6673--6708
 [][] 
 []


Overfull \hbox (43.08846pt too wide) in paragraph at lines 6714--6749
 [][] 
 []

Package atveryend Info: Empty hook `BeforeClearDocument' on input line 6751.
[108pdfTeX warning (ext4): destination with the same identifier (name{table.24.
3}) has been already used, duplicate ignored

\AtBegShi@Output ...ipout \box \AtBeginShipoutBox 
                                                  \fi \fi 
l.6751 \end{document}
                     pdfTeX warning (ext4): destination with the same identifie
r (name{table.24.4}) has been already used, duplicate ignored

\AtBegShi@Output ...ipout \box \AtBeginShipoutBox 
                                                  \fi \fi 
l.6751 \end{document}
                     ] [109pdfTeX warning (ext4): destination with the same ide
ntifier (name{table.24.5}) has been already used, duplicate ignored

\AtBegShi@Output ...ipout \box \AtBeginShipoutBox 
                                                  \fi \fi 
l.6751 \end{document}
                     ]
Package atveryend Info: Empty hook `AfterLastShipout' on input line 6751.
(./Codebook_Appendix_A.aux)
Package atveryend Info: Executing hook `AtVeryEndDocument' on input line 6751.
Package atveryend Info: Executing hook `AtEndAfterFileList' on input line 6751.

Package rerunfilecheck Info: File `Codebook_Appendix_A.out' has not changed.
(rerunfilecheck)             Checksum: 1F34CAF638946BADD1D4D1F608EBF223;1983.

LaTeX Warning: There were undefined references.


LaTeX Warning: There were multiply-defined labels.

Package atveryend Info: Empty hook `AtVeryVeryEnd' on input line 6751.
 ) 
Here is how much of TeX's memory you used:
 13223 strings out of 482424
 190181 string characters out of 5946523
 546202 words of memory out of 5000000
 28361 multiletter control sequences out of 15000+600000
 594082 words of font info for 73 fonts, out of 8000000 for 9000
 14 hyphenation exceptions out of 8191
 34i,11n,37p,913b,354s stack positions out of 5000i,500n,10000p,200000b,80000s
{c:/Users/giuse/AppData/Roaming/TinyTeX/texmf-dist/fonts/enc/dvips/lm/lm-math
it.enc}{c:/Users/giuse/AppData/Roaming/TinyTeX/texmf-dist/fonts/enc/dvips/lm/lm
-mathsy.enc}{c:/Users/giuse/AppData/Roaming/TinyTeX/texmf-dist/fonts/enc/dvips/
lm/lm-ec.enc}{c:/Users/giuse/AppData/Roaming/TinyTeX/texmf-dist/fonts/enc/dvips
/lm/lm-ts1.enc}{c:/Users/giuse/AppData/Roaming/TinyTeX/texmf-dist/fonts/enc/dvi
ps/lm/lm-rm.enc}<c:/Users/giuse/AppData/Roaming/TinyTeX/texmf-dist/fonts/type1/
public/lm/lmbx10.pfb><c:/Users/giuse/AppData/Roaming/TinyTeX/texmf-dist/fonts/t
ype1/public/lm/lmbx12.pfb><c:/Users/giuse/AppData/Roaming/TinyTeX/texmf-dist/fo
nts/type1/public/lm/lmbx8.pfb><c:/Users/giuse/AppData/Roaming/TinyTeX/texmf-dis
t/fonts/type1/public/lm/lmbx9.pfb><c:/Users/giuse/AppData/Roaming/TinyTeX/texmf
-dist/fonts/type1/public/lm/lmmi10.pfb><c:/Users/giuse/AppData/Roaming/TinyTeX/
texmf-dist/fonts/type1/public/lm/lmmi8.pfb><c:/Users/giuse/AppData/Roaming/Tiny
TeX/texmf-dist/fonts/type1/public/lm/lmmi9.pfb><c:/Users/giuse/AppData/Roaming/
TinyTeX/texmf-dist/fonts/type1/public/lm/lmr10.pfb><c:/Users/giuse/AppData/Roam
ing/TinyTeX/texmf-dist/fonts/type1/public/lm/lmr12.pfb><c:/Users/giuse/AppData/
Roaming/TinyTeX/texmf-dist/fonts/type1/public/lm/lmr17.pfb><c:/Users/giuse/AppD
ata/Roaming/TinyTeX/texmf-dist/fonts/type1/public/lm/lmr7.pfb><c:/Users/giuse/A
ppData/Roaming/TinyTeX/texmf-dist/fonts/type1/public/lm/lmr8.pfb><c:/Users/gius
e/AppData/Roaming/TinyTeX/texmf-dist/fonts/type1/public/lm/lmr9.pfb><c:/Users/g
iuse/AppData/Roaming/TinyTeX/texmf-dist/fonts/type1/public/lm/lmsy10.pfb><c:/Us
ers/giuse/AppData/Roaming/TinyTeX/texmf-dist/fonts/type1/public/lm/lmsy6.pfb><c
:/Users/giuse/AppData/Roaming/TinyTeX/texmf-dist/fonts/type1/public/lm/lmsy7.pf
b><c:/Users/giuse/AppData/Roaming/TinyTeX/texmf-dist/fonts/type1/public/lm/lmsy
8.pfb><c:/Users/giuse/AppData/Roaming/TinyTeX/texmf-dist/fonts/type1/public/lm/
lmsy9.pfb>
Output written on Codebook_Appendix_A.pdf (109 pages, 551355 bytes).
PDF statistics:
 1176 PDF objects out of 1200 (max. 8388607)
 1036 compressed objects within 11 object streams
 369 named destinations out of 1000 (max. 500000)
 193 words of extra memory for PDF output out of 10000 (max. 10000000)

